<?xml version="1.0" encoding="UTF-8"?>
<TestRun id="8d8de386-8bb2-41fa-9dec-95aa08ec703c" name="mneuder@R108P02 2015-11-20 12:14:57" runUser="SIO\mneuder" xmlns="http://microsoft.com/schemas/VisualStudio/TeamTest/2010">
  <TestSettings name="Local" id="20f70c15-00ae-4e38-8976-1c465e289f13">
    <Description>Il s'agit des paramètres de test par défaut pour une série de tests locale.</Description>
    <Deployment enabled="false" runDeploymentRoot="mneuder_R108P02 2015-11-20 12_14_57">
      <DeploymentItem filename="c:\users\mneuder\documents\visual studio 2010\Projects\ean13\ean13\bin\Debug\ean13.dll" />
    </Deployment>
    <Execution>
      <TestTypeSpecific />
      <AgentRule name="Execution Agents">
      </AgentRule>
    </Execution>
  </TestSettings>
  <Times creation="2015-11-20T12:14:57.6738402+01:00" queuing="2015-11-20T12:14:57.7058434+01:00" start="2015-11-20T12:14:57.7128441+01:00" finish="2015-11-20T12:14:57.9448673+01:00" />
  <ResultSummary outcome="Failed">
    <Counters total="8" executed="8" passed="5" error="0" failed="1" timeout="0" aborted="0" inconclusive="2" passedButRunAborted="0" notRunnable="0" notExecuted="0" disconnected="0" warning="0" completed="0" inProgress="0" pending="0" />
  </ResultSummary>
  <TestDefinitions>
    <UnitTest name="ToStringTest" storage="c:\users\mneuder\documents\visual studio 2010\projects\ean13\testean13\bin\debug\testean13.dll" id="fc088f0c-0d88-c0a7-85e1-7f86ad18f642">
      <Execution id="a1c5b52a-9e3d-4b3a-a1a3-dcb4ae86382b" />
      <TestMethod codeBase="c:/users/mneuder/documents/visual studio 2010/Projects/ean13/TestEan13/bin/Debug/TestEan13.DLL" adapterTypeName="Microsoft.VisualStudio.TestTools.TestTypes.Unit.UnitTestAdapter, Microsoft.VisualStudio.QualityTools.Tips.UnitTest.Adapter, Version=10.0.0.0, Culture=neutral, PublicKeyToken=b03f5f7f11d50a3a" className="TestEan13.Ean13Test, TestEan13, Version=1.0.0.0, Culture=neutral, PublicKeyToken=null" name="ToStringTest" />
    </UnitTest>
    <UnitTest name="CleTest" storage="c:\users\mneuder\documents\visual studio 2010\projects\ean13\testean13\bin\debug\testean13.dll" id="c52f5332-71ff-335c-862c-1d556b4a6abc">
      <Execution id="4c3696ff-821e-4a97-8e6d-0235386c6c87" />
      <TestMethod codeBase="c:/users/mneuder/documents/visual studio 2010/Projects/ean13/TestEan13/bin/Debug/TestEan13.DLL" adapterTypeName="Microsoft.VisualStudio.TestTools.TestTypes.Unit.UnitTestAdapter, Microsoft.VisualStudio.QualityTools.Tips.UnitTest.Adapter, Version=10.0.0.0, Culture=neutral, PublicKeyToken=b03f5f7f11d50a3a" className="TestEan13.Ean13Test, TestEan13, Version=1.0.0.0, Culture=neutral, PublicKeyToken=null" name="CleTest" />
    </UnitTest>
    <UnitTest name="ProgramConstructorTest" storage="c:\users\mneuder\documents\visual studio 2010\projects\ean13\testean13\bin\debug\testean13.dll" id="598de4b9-3fb7-1965-9b56-7d56160f1bd7">
      <Execution id="cdd8df77-4eac-4750-897b-321bfa48a18e" />
      <TestMethod codeBase="c:/users/mneuder/documents/visual studio 2010/Projects/ean13/TestEan13/bin/Debug/TestEan13.DLL" adapterTypeName="Microsoft.VisualStudio.TestTools.TestTypes.Unit.UnitTestAdapter, Microsoft.VisualStudio.QualityTools.Tips.UnitTest.Adapter, Version=10.0.0.0, Culture=neutral, PublicKeyToken=b03f5f7f11d50a3a" className="TestEan13.ProgramTest, TestEan13, Version=1.0.0.0, Culture=neutral, PublicKeyToken=null" name="ProgramConstructorTest" />
    </UnitTest>
    <UnitTest name="MainTest" storage="c:\users\mneuder\documents\visual studio 2010\projects\ean13\testean13\bin\debug\testean13.dll" id="93b68811-6101-5c93-c75c-fc0e066d650c">
      <DeploymentItems>
        <DeploymentItem filename="ean13.dll" />
      </DeploymentItems>
      <Execution id="98ba8094-0262-42f4-aea0-c45f75d8c371" />
      <TestMethod codeBase="c:/users/mneuder/documents/visual studio 2010/Projects/ean13/TestEan13/bin/Debug/TestEan13.DLL" adapterTypeName="Microsoft.VisualStudio.TestTools.TestTypes.Unit.UnitTestAdapter, Microsoft.VisualStudio.QualityTools.Tips.UnitTest.Adapter, Version=10.0.0.0, Culture=neutral, PublicKeyToken=b03f5f7f11d50a3a" className="TestEan13.ProgramTest, TestEan13, Version=1.0.0.0, Culture=neutral, PublicKeyToken=null" name="MainTest" />
    </UnitTest>
    <UnitTest name="ResteTest" storage="c:\users\mneuder\documents\visual studio 2010\projects\ean13\testean13\bin\debug\testean13.dll" id="da35aeb7-e1df-eeed-6b2d-3a17dd8140d8">
      <Execution id="70777d6f-7d16-459a-8688-e6c2f0f1f8e5" />
      <TestMethod codeBase="c:/users/mneuder/documents/visual studio 2010/Projects/ean13/TestEan13/bin/Debug/TestEan13.DLL" adapterTypeName="Microsoft.VisualStudio.TestTools.TestTypes.Unit.UnitTestAdapter, Microsoft.VisualStudio.QualityTools.Tips.UnitTest.Adapter, Version=10.0.0.0, Culture=neutral, PublicKeyToken=b03f5f7f11d50a3a" className="TestEan13.Ean13Test, TestEan13, Version=1.0.0.0, Culture=neutral, PublicKeyToken=null" name="ResteTest" />
    </UnitTest>
    <UnitTest name="PoidsPairsTest" storage="c:\users\mneuder\documents\visual studio 2010\projects\ean13\testean13\bin\debug\testean13.dll" id="655d2786-dbf8-9829-8f35-32f5e289b8c0">
      <Execution id="97065f7a-55b1-4fd1-92e5-7927dbcb0efc" />
      <TestMethod codeBase="c:/users/mneuder/documents/visual studio 2010/Projects/ean13/TestEan13/bin/Debug/TestEan13.DLL" adapterTypeName="Microsoft.VisualStudio.TestTools.TestTypes.Unit.UnitTestAdapter, Microsoft.VisualStudio.QualityTools.Tips.UnitTest.Adapter, Version=10.0.0.0, Culture=neutral, PublicKeyToken=b03f5f7f11d50a3a" className="TestEan13.Ean13Test, TestEan13, Version=1.0.0.0, Culture=neutral, PublicKeyToken=null" name="PoidsPairsTest" />
    </UnitTest>
    <UnitTest name="Ean13ConstructorTest" storage="c:\users\mneuder\documents\visual studio 2010\projects\ean13\testean13\bin\debug\testean13.dll" id="e9163f9d-c849-b6ad-20b7-06b88564ed77">
      <Execution id="d69f734c-9db0-4f1b-af12-4bff45a0cf87" />
      <TestMethod codeBase="c:/users/mneuder/documents/visual studio 2010/Projects/ean13/TestEan13/bin/Debug/TestEan13.DLL" adapterTypeName="Microsoft.VisualStudio.TestTools.TestTypes.Unit.UnitTestAdapter, Microsoft.VisualStudio.QualityTools.Tips.UnitTest.Adapter, Version=10.0.0.0, Culture=neutral, PublicKeyToken=b03f5f7f11d50a3a" className="TestEan13.Ean13Test, TestEan13, Version=1.0.0.0, Culture=neutral, PublicKeyToken=null" name="Ean13ConstructorTest" />
    </UnitTest>
    <UnitTest name="PoidsImpairsTest" storage="c:\users\mneuder\documents\visual studio 2010\projects\ean13\testean13\bin\debug\testean13.dll" id="1be8da64-2507-4f20-c060-b9959fa8bed1">
      <Execution id="b9ede396-2811-40c5-a95d-03f1c3f0b74d" />
      <TestMethod codeBase="c:/users/mneuder/documents/visual studio 2010/Projects/ean13/TestEan13/bin/Debug/TestEan13.DLL" adapterTypeName="Microsoft.VisualStudio.TestTools.TestTypes.Unit.UnitTestAdapter, Microsoft.VisualStudio.QualityTools.Tips.UnitTest.Adapter, Version=10.0.0.0, Culture=neutral, PublicKeyToken=b03f5f7f11d50a3a" className="TestEan13.Ean13Test, TestEan13, Version=1.0.0.0, Culture=neutral, PublicKeyToken=null" name="PoidsImpairsTest" />
    </UnitTest>
  </TestDefinitions>
  <TestLists>
    <TestList name="Les résultats ne figurent pas dans une liste" id="8c84fa94-04c1-424b-9868-57a2d4851a1d" />
    <TestList name="Tous les résultats chargés" id="19431567-8539-422a-85d7-44ee4e166bda" />
  </TestLists>
  <TestEntries>
    <TestEntry testId="1be8da64-2507-4f20-c060-b9959fa8bed1" executionId="b9ede396-2811-40c5-a95d-03f1c3f0b74d" testListId="8c84fa94-04c1-424b-9868-57a2d4851a1d" />
    <TestEntry testId="598de4b9-3fb7-1965-9b56-7d56160f1bd7" executionId="cdd8df77-4eac-4750-897b-321bfa48a18e" testListId="8c84fa94-04c1-424b-9868-57a2d4851a1d" />
    <TestEntry testId="655d2786-dbf8-9829-8f35-32f5e289b8c0" executionId="97065f7a-55b1-4fd1-92e5-7927dbcb0efc" testListId="8c84fa94-04c1-424b-9868-57a2d4851a1d" />
    <TestEntry testId="93b68811-6101-5c93-c75c-fc0e066d650c" executionId="98ba8094-0262-42f4-aea0-c45f75d8c371" testListId="8c84fa94-04c1-424b-9868-57a2d4851a1d" />
    <TestEntry testId="c52f5332-71ff-335c-862c-1d556b4a6abc" executionId="4c3696ff-821e-4a97-8e6d-0235386c6c87" testListId="8c84fa94-04c1-424b-9868-57a2d4851a1d" />
    <TestEntry testId="da35aeb7-e1df-eeed-6b2d-3a17dd8140d8" executionId="70777d6f-7d16-459a-8688-e6c2f0f1f8e5" testListId="8c84fa94-04c1-424b-9868-57a2d4851a1d" />
    <TestEntry testId="e9163f9d-c849-b6ad-20b7-06b88564ed77" executionId="d69f734c-9db0-4f1b-af12-4bff45a0cf87" testListId="8c84fa94-04c1-424b-9868-57a2d4851a1d" />
    <TestEntry testId="fc088f0c-0d88-c0a7-85e1-7f86ad18f642" executionId="a1c5b52a-9e3d-4b3a-a1a3-dcb4ae86382b" testListId="8c84fa94-04c1-424b-9868-57a2d4851a1d" />
  </TestEntries>
  <Results>
    <UnitTestResult executionId="b9ede396-2811-40c5-a95d-03f1c3f0b74d" testId="1be8da64-2507-4f20-c060-b9959fa8bed1" testName="PoidsImpairsTest" computerName="R108P02" duration="00:00:00.0124163" startTime="2015-11-20T12:14:57.7158444+01:00" endTime="2015-11-20T12:14:57.8688597+01:00" testType="13cdc9d9-ddb5-4fa4-a97d-d965ccfc6d4b" outcome="Passed" testListId="8c84fa94-04c1-424b-9868-57a2d4851a1d" relativeResultsDirectory="b9ede396-2811-40c5-a95d-03f1c3f0b74d">
    </UnitTestResult>
    <UnitTestResult executionId="cdd8df77-4eac-4750-897b-321bfa48a18e" testId="598de4b9-3fb7-1965-9b56-7d56160f1bd7" testName="ProgramConstructorTest" computerName="R108P02" duration="00:00:00.0078279" startTime="2015-11-20T12:14:57.8738602+01:00" endTime="2015-11-20T12:14:57.8848613+01:00" testType="13cdc9d9-ddb5-4fa4-a97d-d965ccfc6d4b" outcome="Inconclusive" testListId="8c84fa94-04c1-424b-9868-57a2d4851a1d" relativeResultsDirectory="cdd8df77-4eac-4750-897b-321bfa48a18e">
      <Output>
        <ErrorInfo>
          <Message>Échec de Assert.Inconclusive. TODO: implémentez le code pour vérifier la cible</Message>
          <StackTrace>   à TestEan13.ProgramTest.ProgramConstructorTest() dans c:\users\mneuder\documents\visual studio 2010\Projects\ean13\TestEan13\ProgramTest.cs:ligne 74
</StackTrace>
        </ErrorInfo>
      </Output>
    </UnitTestResult>
    <UnitTestResult executionId="97065f7a-55b1-4fd1-92e5-7927dbcb0efc" testId="655d2786-dbf8-9829-8f35-32f5e289b8c0" testName="PoidsPairsTest" computerName="R108P02" duration="00:00:00.0003092" startTime="2015-11-20T12:14:57.8878616+01:00" endTime="2015-11-20T12:14:57.8908619+01:00" testType="13cdc9d9-ddb5-4fa4-a97d-d965ccfc6d4b" outcome="Passed" testListId="8c84fa94-04c1-424b-9868-57a2d4851a1d" relativeResultsDirectory="97065f7a-55b1-4fd1-92e5-7927dbcb0efc">
    </UnitTestResult>
    <UnitTestResult executionId="98ba8094-0262-42f4-aea0-c45f75d8c371" testId="93b68811-6101-5c93-c75c-fc0e066d650c" testName="MainTest" computerName="R108P02" duration="00:00:00.0024341" startTime="2015-11-20T12:14:57.8948623+01:00" endTime="2015-11-20T12:14:57.8998628+01:00" testType="13cdc9d9-ddb5-4fa4-a97d-d965ccfc6d4b" outcome="Inconclusive" testListId="8c84fa94-04c1-424b-9868-57a2d4851a1d" relativeResultsDirectory="98ba8094-0262-42f4-aea0-c45f75d8c371">
      <Output>
        <ErrorInfo>
          <Message>Échec de Assert.Inconclusive. Une méthode qui ne retourne pas une valeur ne peut pas être vérifiée.</Message>
          <StackTrace>   à TestEan13.ProgramTest.MainTest() dans c:\users\mneuder\documents\visual studio 2010\Projects\ean13\TestEan13\ProgramTest.cs:ligne 86
</StackTrace>
        </ErrorInfo>
      </Output>
    </UnitTestResult>
    <UnitTestResult executionId="4c3696ff-821e-4a97-8e6d-0235386c6c87" testId="c52f5332-71ff-335c-862c-1d556b4a6abc" testName="CleTest" computerName="R108P02" duration="00:00:00.0003589" startTime="2015-11-20T12:14:57.9038632+01:00" endTime="2015-11-20T12:14:57.9058634+01:00" testType="13cdc9d9-ddb5-4fa4-a97d-d965ccfc6d4b" outcome="Passed" testListId="8c84fa94-04c1-424b-9868-57a2d4851a1d" relativeResultsDirectory="4c3696ff-821e-4a97-8e6d-0235386c6c87">
    </UnitTestResult>
    <UnitTestResult executionId="70777d6f-7d16-459a-8688-e6c2f0f1f8e5" testId="da35aeb7-e1df-eeed-6b2d-3a17dd8140d8" testName="ResteTest" computerName="R108P02" duration="00:00:00.0002452" startTime="2015-11-20T12:14:57.9098638+01:00" endTime="2015-11-20T12:14:57.9118640+01:00" testType="13cdc9d9-ddb5-4fa4-a97d-d965ccfc6d4b" outcome="Passed" testListId="8c84fa94-04c1-424b-9868-57a2d4851a1d" relativeResultsDirectory="70777d6f-7d16-459a-8688-e6c2f0f1f8e5">
    </UnitTestResult>
    <UnitTestResult executionId="d69f734c-9db0-4f1b-af12-4bff45a0cf87" testId="e9163f9d-c849-b6ad-20b7-06b88564ed77" testName="Ean13ConstructorTest" computerName="R108P02" duration="00:00:00.0076058" startTime="2015-11-20T12:14:57.9148643+01:00" endTime="2015-11-20T12:14:57.9248653+01:00" testType="13cdc9d9-ddb5-4fa4-a97d-d965ccfc6d4b" outcome="Failed" testListId="8c84fa94-04c1-424b-9868-57a2d4851a1d" relativeResultsDirectory="d69f734c-9db0-4f1b-af12-4bff45a0cf87">
      <Output>
        <ErrorInfo>
          <Message>Échec de Assert.Fail. Aucune exception n'a été soulevée</Message>
          <StackTrace>   à TestEan13.Ean13Test.Ean13ConstructorTest() dans c:\users\mneuder\documents\visual studio 2010\Projects\ean13\TestEan13\Ean13Test.cs:ligne 90
</StackTrace>
        </ErrorInfo>
      </Output>
    </UnitTestResult>
    <UnitTestResult executionId="a1c5b52a-9e3d-4b3a-a1a3-dcb4ae86382b" testId="fc088f0c-0d88-c0a7-85e1-7f86ad18f642" testName="ToStringTest" computerName="R108P02" duration="00:00:00.0005226" startTime="2015-11-20T12:14:57.9288657+01:00" endTime="2015-11-20T12:14:57.9308659+01:00" testType="13cdc9d9-ddb5-4fa4-a97d-d965ccfc6d4b" outcome="Passed" testListId="8c84fa94-04c1-424b-9868-57a2d4851a1d" relativeResultsDirectory="a1c5b52a-9e3d-4b3a-a1a3-dcb4ae86382b">
    </UnitTestResult>
  </Results>
</TestRun>