<?xml version="1.0" encoding="UTF-8"?>
<TestRun id="0786c502-c740-428c-9c8c-221719b84a18" name="mneuder@R108P02 2015-11-27 11:30:28" runUser="SIO\mneuder" xmlns="http://microsoft.com/schemas/VisualStudio/TeamTest/2010">
  <TestSettings name="Local" id="20f70c15-00ae-4e38-8976-1c465e289f13">
    <Description>Il s'agit des paramètres de test par défaut pour une série de tests locale.</Description>
    <Deployment enabled="false" runDeploymentRoot="mneuder_R108P02 2015-11-27 11_30_28">
      <DeploymentItem filename="c:\users\mneuder\documents\visual studio 2010\Projects\ean13\ean13\bin\Debug\ean13.dll" />
    </Deployment>
    <Execution>
      <TestTypeSpecific />
      <AgentRule name="Execution Agents">
      </AgentRule>
    </Execution>
  </TestSettings>
  <Times creation="2015-11-27T11:30:28.3403708+01:00" queuing="2015-11-27T11:30:28.3673708+01:00" start="2015-11-27T11:30:28.3743708+01:00" finish="2015-11-27T11:30:28.6497708+01:00" />
  <ResultSummary outcome="Failed">
    <Counters total="8" executed="8" passed="5" error="0" failed="1" timeout="0" aborted="0" inconclusive="2" passedButRunAborted="0" notRunnable="0" notExecuted="0" disconnected="0" warning="0" completed="0" inProgress="0" pending="0" />
  </ResultSummary>
  <TestDefinitions>
    <UnitTest name="ToStringTest" storage="c:\users\mneuder\documents\visual studio 2010\projects\ean13\testean13\bin\debug\testean13.dll" id="fc088f0c-0d88-c0a7-85e1-7f86ad18f642">
      <Execution id="449f7580-cf3f-45ac-a0fe-4fc4f0d4c0c1" />
      <TestMethod codeBase="C:/Users/mneuder/Documents/Visual Studio 2010/Projects/ean13/TestEan13/bin/Debug/TestEan13.DLL" adapterTypeName="Microsoft.VisualStudio.TestTools.TestTypes.Unit.UnitTestAdapter, Microsoft.VisualStudio.QualityTools.Tips.UnitTest.Adapter, Version=10.0.0.0, Culture=neutral, PublicKeyToken=b03f5f7f11d50a3a" className="TestEan13.Ean13Test, TestEan13, Version=1.0.0.0, Culture=neutral, PublicKeyToken=null" name="ToStringTest" />
    </UnitTest>
    <UnitTest name="CleTest" storage="c:\users\mneuder\documents\visual studio 2010\projects\ean13\testean13\bin\debug\testean13.dll" id="c52f5332-71ff-335c-862c-1d556b4a6abc">
      <Execution id="968a75ff-f508-4a26-945e-bbc1cf4defae" />
      <TestMethod codeBase="C:/Users/mneuder/Documents/Visual Studio 2010/Projects/ean13/TestEan13/bin/Debug/TestEan13.DLL" adapterTypeName="Microsoft.VisualStudio.TestTools.TestTypes.Unit.UnitTestAdapter, Microsoft.VisualStudio.QualityTools.Tips.UnitTest.Adapter, Version=10.0.0.0, Culture=neutral, PublicKeyToken=b03f5f7f11d50a3a" className="TestEan13.Ean13Test, TestEan13, Version=1.0.0.0, Culture=neutral, PublicKeyToken=null" name="CleTest" />
    </UnitTest>
    <UnitTest name="ProgramConstructorTest" storage="c:\users\mneuder\documents\visual studio 2010\projects\ean13\testean13\bin\debug\testean13.dll" id="598de4b9-3fb7-1965-9b56-7d56160f1bd7">
      <Execution id="5c60642e-f8a9-4f7b-8dca-5d97a249f1a8" />
      <TestMethod codeBase="C:/Users/mneuder/Documents/Visual Studio 2010/Projects/ean13/TestEan13/bin/Debug/TestEan13.DLL" adapterTypeName="Microsoft.VisualStudio.TestTools.TestTypes.Unit.UnitTestAdapter, Microsoft.VisualStudio.QualityTools.Tips.UnitTest.Adapter, Version=10.0.0.0, Culture=neutral, PublicKeyToken=b03f5f7f11d50a3a" className="TestEan13.ProgramTest, TestEan13, Version=1.0.0.0, Culture=neutral, PublicKeyToken=null" name="ProgramConstructorTest" />
    </UnitTest>
    <UnitTest name="MainTest" storage="c:\users\mneuder\documents\visual studio 2010\projects\ean13\testean13\bin\debug\testean13.dll" id="93b68811-6101-5c93-c75c-fc0e066d650c">
      <DeploymentItems>
        <DeploymentItem filename="ean13.dll" />
      </DeploymentItems>
      <Execution id="a574a3db-c7ce-4035-93e6-cc4e19cf341e" />
      <TestMethod codeBase="C:/Users/mneuder/Documents/Visual Studio 2010/Projects/ean13/TestEan13/bin/Debug/TestEan13.DLL" adapterTypeName="Microsoft.VisualStudio.TestTools.TestTypes.Unit.UnitTestAdapter, Microsoft.VisualStudio.QualityTools.Tips.UnitTest.Adapter, Version=10.0.0.0, Culture=neutral, PublicKeyToken=b03f5f7f11d50a3a" className="TestEan13.ProgramTest, TestEan13, Version=1.0.0.0, Culture=neutral, PublicKeyToken=null" name="MainTest" />
    </UnitTest>
    <UnitTest name="ResteTest" storage="c:\users\mneuder\documents\visual studio 2010\projects\ean13\testean13\bin\debug\testean13.dll" id="da35aeb7-e1df-eeed-6b2d-3a17dd8140d8">
      <Execution id="bb07dcfb-58d3-4787-ada3-bfd74eb9b548" />
      <TestMethod codeBase="C:/Users/mneuder/Documents/Visual Studio 2010/Projects/ean13/TestEan13/bin/Debug/TestEan13.DLL" adapterTypeName="Microsoft.VisualStudio.TestTools.TestTypes.Unit.UnitTestAdapter, Microsoft.VisualStudio.QualityTools.Tips.UnitTest.Adapter, Version=10.0.0.0, Culture=neutral, PublicKeyToken=b03f5f7f11d50a3a" className="TestEan13.Ean13Test, TestEan13, Version=1.0.0.0, Culture=neutral, PublicKeyToken=null" name="ResteTest" />
    </UnitTest>
    <UnitTest name="PoidsPairsTest" storage="c:\users\mneuder\documents\visual studio 2010\projects\ean13\testean13\bin\debug\testean13.dll" id="655d2786-dbf8-9829-8f35-32f5e289b8c0">
      <Execution id="7bab65fb-4edc-49d9-ad5f-f3cf5eccab26" />
      <TestMethod codeBase="C:/Users/mneuder/Documents/Visual Studio 2010/Projects/ean13/TestEan13/bin/Debug/TestEan13.DLL" adapterTypeName="Microsoft.VisualStudio.TestTools.TestTypes.Unit.UnitTestAdapter, Microsoft.VisualStudio.QualityTools.Tips.UnitTest.Adapter, Version=10.0.0.0, Culture=neutral, PublicKeyToken=b03f5f7f11d50a3a" className="TestEan13.Ean13Test, TestEan13, Version=1.0.0.0, Culture=neutral, PublicKeyToken=null" name="PoidsPairsTest" />
    </UnitTest>
    <UnitTest name="Ean13ConstructorTest" storage="c:\users\mneuder\documents\visual studio 2010\projects\ean13\testean13\bin\debug\testean13.dll" id="e9163f9d-c849-b6ad-20b7-06b88564ed77">
      <Execution id="df463a36-6444-4e00-aa08-e94763703a9a" />
      <TestMethod codeBase="C:/Users/mneuder/Documents/Visual Studio 2010/Projects/ean13/TestEan13/bin/Debug/TestEan13.DLL" adapterTypeName="Microsoft.VisualStudio.TestTools.TestTypes.Unit.UnitTestAdapter, Microsoft.VisualStudio.QualityTools.Tips.UnitTest.Adapter, Version=10.0.0.0, Culture=neutral, PublicKeyToken=b03f5f7f11d50a3a" className="TestEan13.Ean13Test, TestEan13, Version=1.0.0.0, Culture=neutral, PublicKeyToken=null" name="Ean13ConstructorTest" />
    </UnitTest>
    <UnitTest name="PoidsImpairsTest" storage="c:\users\mneuder\documents\visual studio 2010\projects\ean13\testean13\bin\debug\testean13.dll" id="1be8da64-2507-4f20-c060-b9959fa8bed1">
      <Execution id="9dcc9b16-3bef-44c0-aac6-806ab5cb2496" />
      <TestMethod codeBase="C:/Users/mneuder/Documents/Visual Studio 2010/Projects/ean13/TestEan13/bin/Debug/TestEan13.DLL" adapterTypeName="Microsoft.VisualStudio.TestTools.TestTypes.Unit.UnitTestAdapter, Microsoft.VisualStudio.QualityTools.Tips.UnitTest.Adapter, Version=10.0.0.0, Culture=neutral, PublicKeyToken=b03f5f7f11d50a3a" className="TestEan13.Ean13Test, TestEan13, Version=1.0.0.0, Culture=neutral, PublicKeyToken=null" name="PoidsImpairsTest" />
    </UnitTest>
  </TestDefinitions>
  <TestLists>
    <TestList name="Les résultats ne figurent pas dans une liste" id="8c84fa94-04c1-424b-9868-57a2d4851a1d" />
    <TestList name="Tous les résultats chargés" id="19431567-8539-422a-85d7-44ee4e166bda" />
  </TestLists>
  <TestEntries>
    <TestEntry testId="1be8da64-2507-4f20-c060-b9959fa8bed1" executionId="9dcc9b16-3bef-44c0-aac6-806ab5cb2496" testListId="8c84fa94-04c1-424b-9868-57a2d4851a1d" />
    <TestEntry testId="598de4b9-3fb7-1965-9b56-7d56160f1bd7" executionId="5c60642e-f8a9-4f7b-8dca-5d97a249f1a8" testListId="8c84fa94-04c1-424b-9868-57a2d4851a1d" />
    <TestEntry testId="655d2786-dbf8-9829-8f35-32f5e289b8c0" executionId="7bab65fb-4edc-49d9-ad5f-f3cf5eccab26" testListId="8c84fa94-04c1-424b-9868-57a2d4851a1d" />
    <TestEntry testId="93b68811-6101-5c93-c75c-fc0e066d650c" executionId="a574a3db-c7ce-4035-93e6-cc4e19cf341e" testListId="8c84fa94-04c1-424b-9868-57a2d4851a1d" />
    <TestEntry testId="c52f5332-71ff-335c-862c-1d556b4a6abc" executionId="968a75ff-f508-4a26-945e-bbc1cf4defae" testListId="8c84fa94-04c1-424b-9868-57a2d4851a1d" />
    <TestEntry testId="da35aeb7-e1df-eeed-6b2d-3a17dd8140d8" executionId="bb07dcfb-58d3-4787-ada3-bfd74eb9b548" testListId="8c84fa94-04c1-424b-9868-57a2d4851a1d" />
    <TestEntry testId="e9163f9d-c849-b6ad-20b7-06b88564ed77" executionId="df463a36-6444-4e00-aa08-e94763703a9a" testListId="8c84fa94-04c1-424b-9868-57a2d4851a1d" />
    <TestEntry testId="fc088f0c-0d88-c0a7-85e1-7f86ad18f642" executionId="449f7580-cf3f-45ac-a0fe-4fc4f0d4c0c1" testListId="8c84fa94-04c1-424b-9868-57a2d4851a1d" />
  </TestEntries>
  <Results>
    <UnitTestResult executionId="9dcc9b16-3bef-44c0-aac6-806ab5cb2496" testId="1be8da64-2507-4f20-c060-b9959fa8bed1" testName="PoidsImpairsTest" computerName="R108P02" duration="00:00:00.0124757" startTime="2015-11-27T11:30:28.3853708+01:00" endTime="2015-11-27T11:30:28.5561708+01:00" testType="13cdc9d9-ddb5-4fa4-a97d-d965ccfc6d4b" outcome="Passed" testListId="8c84fa94-04c1-424b-9868-57a2d4851a1d" relativeResultsDirectory="9dcc9b16-3bef-44c0-aac6-806ab5cb2496">
    </UnitTestResult>
    <UnitTestResult executionId="5c60642e-f8a9-4f7b-8dca-5d97a249f1a8" testId="598de4b9-3fb7-1965-9b56-7d56160f1bd7" testName="ProgramConstructorTest" computerName="R108P02" duration="00:00:00.0079669" startTime="2015-11-27T11:30:28.5717708+01:00" endTime="2015-11-27T11:30:28.5717708+01:00" testType="13cdc9d9-ddb5-4fa4-a97d-d965ccfc6d4b" outcome="Inconclusive" testListId="8c84fa94-04c1-424b-9868-57a2d4851a1d" relativeResultsDirectory="5c60642e-f8a9-4f7b-8dca-5d97a249f1a8">
      <Output>
        <ErrorInfo>
          <Message>Échec de Assert.Inconclusive. TODO: implémentez le code pour vérifier la cible</Message>
          <StackTrace>   à TestEan13.ProgramTest.ProgramConstructorTest() dans C:\Users\mneuder\Documents\Visual Studio 2010\Projects\ean13\TestEan13\ProgramTest.cs:ligne 74
</StackTrace>
        </ErrorInfo>
      </Output>
    </UnitTestResult>
    <UnitTestResult executionId="7bab65fb-4edc-49d9-ad5f-f3cf5eccab26" testId="655d2786-dbf8-9829-8f35-32f5e289b8c0" testName="PoidsPairsTest" computerName="R108P02" duration="00:00:00.0003160" startTime="2015-11-27T11:30:28.5873708+01:00" endTime="2015-11-27T11:30:28.5873708+01:00" testType="13cdc9d9-ddb5-4fa4-a97d-d965ccfc6d4b" outcome="Passed" testListId="8c84fa94-04c1-424b-9868-57a2d4851a1d" relativeResultsDirectory="7bab65fb-4edc-49d9-ad5f-f3cf5eccab26">
    </UnitTestResult>
    <UnitTestResult executionId="a574a3db-c7ce-4035-93e6-cc4e19cf341e" testId="93b68811-6101-5c93-c75c-fc0e066d650c" testName="MainTest" computerName="R108P02" duration="00:00:00.0024341" startTime="2015-11-27T11:30:28.5873708+01:00" endTime="2015-11-27T11:30:28.5873708+01:00" testType="13cdc9d9-ddb5-4fa4-a97d-d965ccfc6d4b" outcome="Inconclusive" testListId="8c84fa94-04c1-424b-9868-57a2d4851a1d" relativeResultsDirectory="a574a3db-c7ce-4035-93e6-cc4e19cf341e">
      <Output>
        <ErrorInfo>
          <Message>Échec de Assert.Inconclusive. Une méthode qui ne retourne pas une valeur ne peut pas être vérifiée.</Message>
          <StackTrace>   à TestEan13.ProgramTest.MainTest() dans C:\Users\mneuder\Documents\Visual Studio 2010\Projects\ean13\TestEan13\ProgramTest.cs:ligne 86
</StackTrace>
        </ErrorInfo>
      </Output>
    </UnitTestResult>
    <UnitTestResult executionId="968a75ff-f508-4a26-945e-bbc1cf4defae" testId="c52f5332-71ff-335c-862c-1d556b4a6abc" testName="CleTest" computerName="R108P02" duration="00:00:00.0003469" startTime="2015-11-27T11:30:28.5873708+01:00" endTime="2015-11-27T11:30:28.6029708+01:00" testType="13cdc9d9-ddb5-4fa4-a97d-d965ccfc6d4b" outcome="Passed" testListId="8c84fa94-04c1-424b-9868-57a2d4851a1d" relativeResultsDirectory="968a75ff-f508-4a26-945e-bbc1cf4defae">
    </UnitTestResult>
    <UnitTestResult executionId="bb07dcfb-58d3-4787-ada3-bfd74eb9b548" testId="da35aeb7-e1df-eeed-6b2d-3a17dd8140d8" testName="ResteTest" computerName="R108P02" duration="00:00:00.0002069" startTime="2015-11-27T11:30:28.6029708+01:00" endTime="2015-11-27T11:30:28.6029708+01:00" testType="13cdc9d9-ddb5-4fa4-a97d-d965ccfc6d4b" outcome="Passed" testListId="8c84fa94-04c1-424b-9868-57a2d4851a1d" relativeResultsDirectory="bb07dcfb-58d3-4787-ada3-bfd74eb9b548">
    </UnitTestResult>
    <UnitTestResult executionId="df463a36-6444-4e00-aa08-e94763703a9a" testId="e9163f9d-c849-b6ad-20b7-06b88564ed77" testName="Ean13ConstructorTest" computerName="R108P02" duration="00:00:00.0227734" startTime="2015-11-27T11:30:28.6029708+01:00" endTime="2015-11-27T11:30:28.6341708+01:00" testType="13cdc9d9-ddb5-4fa4-a97d-d965ccfc6d4b" outcome="Failed" testListId="8c84fa94-04c1-424b-9868-57a2d4851a1d" relativeResultsDirectory="df463a36-6444-4e00-aa08-e94763703a9a">
      <Output>
        <ErrorInfo>
          <Message>Échec de Assert.Fail. Aucune exception n'a été soulevée</Message>
          <StackTrace>   à TestEan13.Ean13Test.Ean13ConstructorTest() dans C:\Users\mneuder\Documents\Visual Studio 2010\Projects\ean13\TestEan13\Ean13Test.cs:ligne 92
</StackTrace>
        </ErrorInfo>
      </Output>
    </UnitTestResult>
    <UnitTestResult executionId="449f7580-cf3f-45ac-a0fe-4fc4f0d4c0c1" testId="fc088f0c-0d88-c0a7-85e1-7f86ad18f642" testName="ToStringTest" computerName="R108P02" duration="00:00:00.0005044" startTime="2015-11-27T11:30:28.6341708+01:00" endTime="2015-11-27T11:30:28.6341708+01:00" testType="13cdc9d9-ddb5-4fa4-a97d-d965ccfc6d4b" outcome="Passed" testListId="8c84fa94-04c1-424b-9868-57a2d4851a1d" relativeResultsDirectory="449f7580-cf3f-45ac-a0fe-4fc4f0d4c0c1">
    </UnitTestResult>
  </Results>
</TestRun>