<?xml version="1.0" encoding="UTF-8"?>
<TestRun id="7a7b7fbb-1460-4d93-965f-a11ae2889ca4" name="mneuder@R108P02 2015-11-20 12:03:49" runUser="SIO\mneuder" xmlns="http://microsoft.com/schemas/VisualStudio/TeamTest/2010">
  <TestSettings name="Local" id="20f70c15-00ae-4e38-8976-1c465e289f13">
    <Description>Il s'agit des paramètres de test par défaut pour une série de tests locale.</Description>
    <Deployment enabled="false" runDeploymentRoot="mneuder_R108P02 2015-11-20 12_03_49">
      <DeploymentItem filename="c:\users\mneuder\documents\visual studio 2010\Projects\ean13\ean13\bin\Debug\ean13.dll" />
    </Deployment>
    <Execution>
      <TestTypeSpecific />
      <AgentRule name="Execution Agents">
      </AgentRule>
    </Execution>
  </TestSettings>
  <Times creation="2015-11-20T12:03:49.3880694+01:00" queuing="2015-11-20T12:03:49.4190725+01:00" start="2015-11-20T12:03:49.4250731+01:00" finish="2015-11-20T12:03:49.6974945+01:00" />
  <ResultSummary outcome="Failed">
    <Counters total="8" executed="8" passed="4" error="0" failed="1" timeout="0" aborted="0" inconclusive="3" passedButRunAborted="0" notRunnable="0" notExecuted="0" disconnected="0" warning="0" completed="0" inProgress="0" pending="0" />
  </ResultSummary>
  <TestDefinitions>
    <UnitTest name="ToStringTest" storage="c:\users\mneuder\documents\visual studio 2010\projects\ean13\testean13\bin\debug\testean13.dll" id="fc088f0c-0d88-c0a7-85e1-7f86ad18f642">
      <Execution id="fab3118d-3095-47e1-b89f-ec7afd161d2b" />
      <TestMethod codeBase="c:/users/mneuder/documents/visual studio 2010/Projects/ean13/TestEan13/bin/Debug/TestEan13.DLL" adapterTypeName="Microsoft.VisualStudio.TestTools.TestTypes.Unit.UnitTestAdapter, Microsoft.VisualStudio.QualityTools.Tips.UnitTest.Adapter, Version=10.0.0.0, Culture=neutral, PublicKeyToken=b03f5f7f11d50a3a" className="TestEan13.Ean13Test, TestEan13, Version=1.0.0.0, Culture=neutral, PublicKeyToken=null" name="ToStringTest" />
    </UnitTest>
    <UnitTest name="CleTest" storage="c:\users\mneuder\documents\visual studio 2010\projects\ean13\testean13\bin\debug\testean13.dll" id="c52f5332-71ff-335c-862c-1d556b4a6abc">
      <Execution id="06e82148-9967-4ea8-b9e5-7ed82e0d9e98" />
      <TestMethod codeBase="c:/users/mneuder/documents/visual studio 2010/Projects/ean13/TestEan13/bin/Debug/TestEan13.DLL" adapterTypeName="Microsoft.VisualStudio.TestTools.TestTypes.Unit.UnitTestAdapter, Microsoft.VisualStudio.QualityTools.Tips.UnitTest.Adapter, Version=10.0.0.0, Culture=neutral, PublicKeyToken=b03f5f7f11d50a3a" className="TestEan13.Ean13Test, TestEan13, Version=1.0.0.0, Culture=neutral, PublicKeyToken=null" name="CleTest" />
    </UnitTest>
    <UnitTest name="ProgramConstructorTest" storage="c:\users\mneuder\documents\visual studio 2010\projects\ean13\testean13\bin\debug\testean13.dll" id="598de4b9-3fb7-1965-9b56-7d56160f1bd7">
      <Execution id="15c5996c-858d-494c-a335-f6716978ee3a" />
      <TestMethod codeBase="c:/users/mneuder/documents/visual studio 2010/Projects/ean13/TestEan13/bin/Debug/TestEan13.DLL" adapterTypeName="Microsoft.VisualStudio.TestTools.TestTypes.Unit.UnitTestAdapter, Microsoft.VisualStudio.QualityTools.Tips.UnitTest.Adapter, Version=10.0.0.0, Culture=neutral, PublicKeyToken=b03f5f7f11d50a3a" className="TestEan13.ProgramTest, TestEan13, Version=1.0.0.0, Culture=neutral, PublicKeyToken=null" name="ProgramConstructorTest" />
    </UnitTest>
    <UnitTest name="MainTest" storage="c:\users\mneuder\documents\visual studio 2010\projects\ean13\testean13\bin\debug\testean13.dll" id="93b68811-6101-5c93-c75c-fc0e066d650c">
      <DeploymentItems>
        <DeploymentItem filename="ean13.dll" />
      </DeploymentItems>
      <Execution id="72985fcc-ef60-4989-a785-80987d89acc9" />
      <TestMethod codeBase="c:/users/mneuder/documents/visual studio 2010/Projects/ean13/TestEan13/bin/Debug/TestEan13.DLL" adapterTypeName="Microsoft.VisualStudio.TestTools.TestTypes.Unit.UnitTestAdapter, Microsoft.VisualStudio.QualityTools.Tips.UnitTest.Adapter, Version=10.0.0.0, Culture=neutral, PublicKeyToken=b03f5f7f11d50a3a" className="TestEan13.ProgramTest, TestEan13, Version=1.0.0.0, Culture=neutral, PublicKeyToken=null" name="MainTest" />
    </UnitTest>
    <UnitTest name="ResteTest" storage="c:\users\mneuder\documents\visual studio 2010\projects\ean13\testean13\bin\debug\testean13.dll" id="da35aeb7-e1df-eeed-6b2d-3a17dd8140d8">
      <Execution id="b1f1ee6b-f144-405c-b428-dede6dba99e2" />
      <TestMethod codeBase="c:/users/mneuder/documents/visual studio 2010/Projects/ean13/TestEan13/bin/Debug/TestEan13.DLL" adapterTypeName="Microsoft.VisualStudio.TestTools.TestTypes.Unit.UnitTestAdapter, Microsoft.VisualStudio.QualityTools.Tips.UnitTest.Adapter, Version=10.0.0.0, Culture=neutral, PublicKeyToken=b03f5f7f11d50a3a" className="TestEan13.Ean13Test, TestEan13, Version=1.0.0.0, Culture=neutral, PublicKeyToken=null" name="ResteTest" />
    </UnitTest>
    <UnitTest name="PoidsPairsTest" storage="c:\users\mneuder\documents\visual studio 2010\projects\ean13\testean13\bin\debug\testean13.dll" id="655d2786-dbf8-9829-8f35-32f5e289b8c0">
      <Execution id="a1f8fc35-7bbe-4a25-98cd-7c7b269496e0" />
      <TestMethod codeBase="c:/users/mneuder/documents/visual studio 2010/Projects/ean13/TestEan13/bin/Debug/TestEan13.DLL" adapterTypeName="Microsoft.VisualStudio.TestTools.TestTypes.Unit.UnitTestAdapter, Microsoft.VisualStudio.QualityTools.Tips.UnitTest.Adapter, Version=10.0.0.0, Culture=neutral, PublicKeyToken=b03f5f7f11d50a3a" className="TestEan13.Ean13Test, TestEan13, Version=1.0.0.0, Culture=neutral, PublicKeyToken=null" name="PoidsPairsTest" />
    </UnitTest>
    <UnitTest name="Ean13ConstructorTest" storage="c:\users\mneuder\documents\visual studio 2010\projects\ean13\testean13\bin\debug\testean13.dll" id="e9163f9d-c849-b6ad-20b7-06b88564ed77">
      <Execution id="fed170e1-ebde-489d-9310-37b4c6698330" />
      <TestMethod codeBase="c:/users/mneuder/documents/visual studio 2010/Projects/ean13/TestEan13/bin/Debug/TestEan13.DLL" adapterTypeName="Microsoft.VisualStudio.TestTools.TestTypes.Unit.UnitTestAdapter, Microsoft.VisualStudio.QualityTools.Tips.UnitTest.Adapter, Version=10.0.0.0, Culture=neutral, PublicKeyToken=b03f5f7f11d50a3a" className="TestEan13.Ean13Test, TestEan13, Version=1.0.0.0, Culture=neutral, PublicKeyToken=null" name="Ean13ConstructorTest" />
    </UnitTest>
    <UnitTest name="PoidsImpairsTest" storage="c:\users\mneuder\documents\visual studio 2010\projects\ean13\testean13\bin\debug\testean13.dll" id="1be8da64-2507-4f20-c060-b9959fa8bed1">
      <Execution id="2b813155-4f3b-4233-ad14-57ad13a3cf7b" />
      <TestMethod codeBase="c:/users/mneuder/documents/visual studio 2010/Projects/ean13/TestEan13/bin/Debug/TestEan13.DLL" adapterTypeName="Microsoft.VisualStudio.TestTools.TestTypes.Unit.UnitTestAdapter, Microsoft.VisualStudio.QualityTools.Tips.UnitTest.Adapter, Version=10.0.0.0, Culture=neutral, PublicKeyToken=b03f5f7f11d50a3a" className="TestEan13.Ean13Test, TestEan13, Version=1.0.0.0, Culture=neutral, PublicKeyToken=null" name="PoidsImpairsTest" />
    </UnitTest>
  </TestDefinitions>
  <TestLists>
    <TestList name="Les résultats ne figurent pas dans une liste" id="8c84fa94-04c1-424b-9868-57a2d4851a1d" />
    <TestList name="Tous les résultats chargés" id="19431567-8539-422a-85d7-44ee4e166bda" />
  </TestLists>
  <TestEntries>
    <TestEntry testId="1be8da64-2507-4f20-c060-b9959fa8bed1" executionId="2b813155-4f3b-4233-ad14-57ad13a3cf7b" testListId="8c84fa94-04c1-424b-9868-57a2d4851a1d" />
    <TestEntry testId="598de4b9-3fb7-1965-9b56-7d56160f1bd7" executionId="15c5996c-858d-494c-a335-f6716978ee3a" testListId="8c84fa94-04c1-424b-9868-57a2d4851a1d" />
    <TestEntry testId="655d2786-dbf8-9829-8f35-32f5e289b8c0" executionId="a1f8fc35-7bbe-4a25-98cd-7c7b269496e0" testListId="8c84fa94-04c1-424b-9868-57a2d4851a1d" />
    <TestEntry testId="93b68811-6101-5c93-c75c-fc0e066d650c" executionId="72985fcc-ef60-4989-a785-80987d89acc9" testListId="8c84fa94-04c1-424b-9868-57a2d4851a1d" />
    <TestEntry testId="c52f5332-71ff-335c-862c-1d556b4a6abc" executionId="06e82148-9967-4ea8-b9e5-7ed82e0d9e98" testListId="8c84fa94-04c1-424b-9868-57a2d4851a1d" />
    <TestEntry testId="da35aeb7-e1df-eeed-6b2d-3a17dd8140d8" executionId="b1f1ee6b-f144-405c-b428-dede6dba99e2" testListId="8c84fa94-04c1-424b-9868-57a2d4851a1d" />
    <TestEntry testId="e9163f9d-c849-b6ad-20b7-06b88564ed77" executionId="fed170e1-ebde-489d-9310-37b4c6698330" testListId="8c84fa94-04c1-424b-9868-57a2d4851a1d" />
    <TestEntry testId="fc088f0c-0d88-c0a7-85e1-7f86ad18f642" executionId="fab3118d-3095-47e1-b89f-ec7afd161d2b" testListId="8c84fa94-04c1-424b-9868-57a2d4851a1d" />
  </TestEntries>
  <Results>
    <UnitTestResult executionId="2b813155-4f3b-4233-ad14-57ad13a3cf7b" testId="1be8da64-2507-4f20-c060-b9959fa8bed1" testName="PoidsImpairsTest" computerName="R108P02" duration="00:00:00.0119665" startTime="2015-11-20T12:03:49.4430749+01:00" endTime="2015-11-20T12:03:49.5960902+01:00" testType="13cdc9d9-ddb5-4fa4-a97d-d965ccfc6d4b" outcome="Passed" testListId="8c84fa94-04c1-424b-9868-57a2d4851a1d" relativeResultsDirectory="2b813155-4f3b-4233-ad14-57ad13a3cf7b">
    </UnitTestResult>
    <UnitTestResult executionId="15c5996c-858d-494c-a335-f6716978ee3a" testId="598de4b9-3fb7-1965-9b56-7d56160f1bd7" testName="ProgramConstructorTest" computerName="R108P02" duration="00:00:00.0077642" startTime="2015-11-20T12:03:49.6000906+01:00" endTime="2015-11-20T12:03:49.6100916+01:00" testType="13cdc9d9-ddb5-4fa4-a97d-d965ccfc6d4b" outcome="Inconclusive" testListId="8c84fa94-04c1-424b-9868-57a2d4851a1d" relativeResultsDirectory="15c5996c-858d-494c-a335-f6716978ee3a">
      <Output>
        <ErrorInfo>
          <Message>Échec de Assert.Inconclusive. TODO: implémentez le code pour vérifier la cible</Message>
          <StackTrace>   à TestEan13.ProgramTest.ProgramConstructorTest() dans c:\users\mneuder\documents\visual studio 2010\Projects\ean13\TestEan13\ProgramTest.cs:ligne 74
</StackTrace>
        </ErrorInfo>
      </Output>
    </UnitTestResult>
    <UnitTestResult executionId="a1f8fc35-7bbe-4a25-98cd-7c7b269496e0" testId="655d2786-dbf8-9829-8f35-32f5e289b8c0" testName="PoidsPairsTest" computerName="R108P02" duration="00:00:00.0002996" startTime="2015-11-20T12:03:49.6140920+01:00" endTime="2015-11-20T12:03:49.6170923+01:00" testType="13cdc9d9-ddb5-4fa4-a97d-d965ccfc6d4b" outcome="Passed" testListId="8c84fa94-04c1-424b-9868-57a2d4851a1d" relativeResultsDirectory="a1f8fc35-7bbe-4a25-98cd-7c7b269496e0">
    </UnitTestResult>
    <UnitTestResult executionId="72985fcc-ef60-4989-a785-80987d89acc9" testId="93b68811-6101-5c93-c75c-fc0e066d650c" testName="MainTest" computerName="R108P02" duration="00:00:00.0025623" startTime="2015-11-20T12:03:49.6210927+01:00" endTime="2015-11-20T12:03:49.6250931+01:00" testType="13cdc9d9-ddb5-4fa4-a97d-d965ccfc6d4b" outcome="Inconclusive" testListId="8c84fa94-04c1-424b-9868-57a2d4851a1d" relativeResultsDirectory="72985fcc-ef60-4989-a785-80987d89acc9">
      <Output>
        <ErrorInfo>
          <Message>Échec de Assert.Inconclusive. Une méthode qui ne retourne pas une valeur ne peut pas être vérifiée.</Message>
          <StackTrace>   à TestEan13.ProgramTest.MainTest() dans c:\users\mneuder\documents\visual studio 2010\Projects\ean13\TestEan13\ProgramTest.cs:ligne 86
</StackTrace>
        </ErrorInfo>
      </Output>
    </UnitTestResult>
    <UnitTestResult executionId="06e82148-9967-4ea8-b9e5-7ed82e0d9e98" testId="c52f5332-71ff-335c-862c-1d556b4a6abc" testName="CleTest" computerName="R108P02" duration="00:00:00.0003635" startTime="2015-11-20T12:03:49.6310937+01:00" endTime="2015-11-20T12:03:49.6330939+01:00" testType="13cdc9d9-ddb5-4fa4-a97d-d965ccfc6d4b" outcome="Passed" testListId="8c84fa94-04c1-424b-9868-57a2d4851a1d" relativeResultsDirectory="06e82148-9967-4ea8-b9e5-7ed82e0d9e98">
    </UnitTestResult>
    <UnitTestResult executionId="b1f1ee6b-f144-405c-b428-dede6dba99e2" testId="da35aeb7-e1df-eeed-6b2d-3a17dd8140d8" testName="ResteTest" computerName="R108P02" duration="00:00:00.0002205" startTime="2015-11-20T12:03:49.6662943+01:00" endTime="2015-11-20T12:03:49.6662943+01:00" testType="13cdc9d9-ddb5-4fa4-a97d-d965ccfc6d4b" outcome="Passed" testListId="8c84fa94-04c1-424b-9868-57a2d4851a1d" relativeResultsDirectory="b1f1ee6b-f144-405c-b428-dede6dba99e2">
    </UnitTestResult>
    <UnitTestResult executionId="fed170e1-ebde-489d-9310-37b4c6698330" testId="e9163f9d-c849-b6ad-20b7-06b88564ed77" testName="Ean13ConstructorTest" computerName="R108P02" duration="00:00:00.0006635" startTime="2015-11-20T12:03:49.6662943+01:00" endTime="2015-11-20T12:03:49.6662943+01:00" testType="13cdc9d9-ddb5-4fa4-a97d-d965ccfc6d4b" outcome="Inconclusive" testListId="8c84fa94-04c1-424b-9868-57a2d4851a1d" relativeResultsDirectory="fed170e1-ebde-489d-9310-37b4c6698330">
      <Output>
        <ErrorInfo>
          <Message>Échec de Assert.Inconclusive. TODO: implémentez le code pour vérifier la cible</Message>
          <StackTrace>   à TestEan13.Ean13Test.Ean13ConstructorTest() dans c:\users\mneuder\documents\visual studio 2010\Projects\ean13\TestEan13\Ean13Test.cs:ligne 75
</StackTrace>
        </ErrorInfo>
      </Output>
    </UnitTestResult>
    <UnitTestResult executionId="fab3118d-3095-47e1-b89f-ec7afd161d2b" testId="fc088f0c-0d88-c0a7-85e1-7f86ad18f642" testName="ToStringTest" computerName="R108P02" duration="00:00:00.0144572" startTime="2015-11-20T12:03:49.6662943+01:00" endTime="2015-11-20T12:03:49.6818944+01:00" testType="13cdc9d9-ddb5-4fa4-a97d-d965ccfc6d4b" outcome="Failed" testListId="8c84fa94-04c1-424b-9868-57a2d4851a1d" relativeResultsDirectory="fab3118d-3095-47e1-b89f-ec7afd161d2b">
      <Output>
        <ErrorInfo>
          <Message>Échec de Assert.AreEqual. Attendu : &lt;4719-5120-0288-9&gt;, Réel : &lt;&gt;. </Message>
          <StackTrace>   à TestEan13.Ean13Test.ToStringTest() dans c:\users\mneuder\documents\visual studio 2010\Projects\ean13\TestEan13\Ean13Test.cs:ligne 141
</StackTrace>
        </ErrorInfo>
      </Output>
    </UnitTestResult>
  </Results>
</TestRun>