<?xml version="1.0" encoding="UTF-8"?>
<TestRun id="c2651938-62d1-40e0-8ec6-1da6fbec6246" name="mneuder@R108P02 2015-11-27 11:37:46" runUser="SIO\mneuder" xmlns="http://microsoft.com/schemas/VisualStudio/TeamTest/2010">
  <TestSettings name="Local" id="20f70c15-00ae-4e38-8976-1c465e289f13">
    <Description>Il s'agit des paramètres de test par défaut pour une série de tests locale.</Description>
    <Deployment enabled="false" runDeploymentRoot="mneuder_R108P02 2015-11-27 11_37_46">
      <DeploymentItem filename="c:\users\mneuder\documents\visual studio 2010\Projects\ean13\ean13\bin\Debug\ean13.dll" />
    </Deployment>
    <Execution>
      <TestTypeSpecific />
      <AgentRule name="Execution Agents">
      </AgentRule>
    </Execution>
  </TestSettings>
  <Times creation="2015-11-27T11:37:46.9957844+01:00" queuing="2015-11-27T11:37:47.0227844+01:00" start="2015-11-27T11:37:47.0287844+01:00" finish="2015-11-27T11:37:47.2513844+01:00" />
  <ResultSummary outcome="Failed">
    <Counters total="1" executed="1" error="0" failed="1" timeout="0" aborted="0" inconclusive="0" passedButRunAborted="0" notRunnable="0" notExecuted="0" disconnected="0" warning="0" passed="0" completed="0" inProgress="0" pending="0" />
  </ResultSummary>
  <TestDefinitions>
    <UnitTest name="Ean13ConstructorTest" storage="c:\users\mneuder\documents\visual studio 2010\projects\ean13\testean13\bin\debug\testean13.dll" id="e9163f9d-c849-b6ad-20b7-06b88564ed77">
      <Execution id="8f52b5bc-9613-42e6-a658-9b3f79b04087" />
      <TestMethod codeBase="C:/Users/mneuder/Documents/Visual Studio 2010/Projects/ean13/TestEan13/bin/Debug/TestEan13.DLL" adapterTypeName="Microsoft.VisualStudio.TestTools.TestTypes.Unit.UnitTestAdapter, Microsoft.VisualStudio.QualityTools.Tips.UnitTest.Adapter, Version=10.0.0.0, Culture=neutral, PublicKeyToken=b03f5f7f11d50a3a" className="TestEan13.Ean13Test, TestEan13, Version=1.0.0.0, Culture=neutral, PublicKeyToken=null" name="Ean13ConstructorTest" />
    </UnitTest>
  </TestDefinitions>
  <TestLists>
    <TestList name="Les résultats ne figurent pas dans une liste" id="8c84fa94-04c1-424b-9868-57a2d4851a1d" />
    <TestList name="Tous les résultats chargés" id="19431567-8539-422a-85d7-44ee4e166bda" />
  </TestLists>
  <TestEntries>
    <TestEntry testId="e9163f9d-c849-b6ad-20b7-06b88564ed77" executionId="8f52b5bc-9613-42e6-a658-9b3f79b04087" testListId="8c84fa94-04c1-424b-9868-57a2d4851a1d" />
  </TestEntries>
  <Results>
    <UnitTestResult executionId="8f52b5bc-9613-42e6-a658-9b3f79b04087" testId="e9163f9d-c849-b6ad-20b7-06b88564ed77" testName="Ean13ConstructorTest" computerName="R108P02" duration="00:00:00.0275176" startTime="2015-11-27T11:37:47.0417844+01:00" endTime="2015-11-27T11:37:47.2357844+01:00" testType="13cdc9d9-ddb5-4fa4-a97d-d965ccfc6d4b" outcome="Failed" testListId="8c84fa94-04c1-424b-9868-57a2d4851a1d" relativeResultsDirectory="8f52b5bc-9613-42e6-a658-9b3f79b04087">
      <Output>
        <ErrorInfo>
          <Message>Échec de Assert.Fail. Aucune exception n'a été soulevée</Message>
          <StackTrace>   à TestEan13.Ean13Test.Ean13ConstructorTest() dans C:\Users\mneuder\Documents\Visual Studio 2010\Projects\ean13\TestEan13\Ean13Test.cs:ligne 92
</StackTrace>
        </ErrorInfo>
      </Output>
    </UnitTestResult>
  </Results>
</TestRun>