<?xml version="1.0" encoding="UTF-8"?>
<TestRun id="6c5cf357-74c6-4d4d-87e7-a2b96f2a0802" name="mneuder@R108P02 2015-11-20 12:10:35" runUser="SIO\mneuder" xmlns="http://microsoft.com/schemas/VisualStudio/TeamTest/2010">
  <TestSettings name="Local" id="20f70c15-00ae-4e38-8976-1c465e289f13">
    <Description>Il s'agit des paramètres de test par défaut pour une série de tests locale.</Description>
    <Deployment enabled="false" runDeploymentRoot="mneuder_R108P02 2015-11-20 12_10_35">
      <DeploymentItem filename="c:\users\mneuder\documents\visual studio 2010\Projects\ean13\ean13\bin\Debug\ean13.dll" />
    </Deployment>
    <Execution>
      <TestTypeSpecific />
      <AgentRule name="Execution Agents">
      </AgentRule>
    </Execution>
  </TestSettings>
  <Times creation="2015-11-20T12:10:35.3422593+01:00" queuing="2015-11-20T12:10:35.3782629+01:00" start="2015-11-20T12:10:35.3832634+01:00" finish="2015-11-20T12:10:35.6444866+01:00" />
  <ResultSummary outcome="Inconclusive">
    <Counters total="8" executed="8" passed="5" error="0" failed="0" timeout="0" aborted="0" inconclusive="3" passedButRunAborted="0" notRunnable="0" notExecuted="0" disconnected="0" warning="0" completed="0" inProgress="0" pending="0" />
  </ResultSummary>
  <TestDefinitions>
    <UnitTest name="ToStringTest" storage="c:\users\mneuder\documents\visual studio 2010\projects\ean13\testean13\bin\debug\testean13.dll" id="fc088f0c-0d88-c0a7-85e1-7f86ad18f642">
      <Execution id="048eb9db-6dae-451f-8951-3b24efb80f29" />
      <TestMethod codeBase="c:/users/mneuder/documents/visual studio 2010/Projects/ean13/TestEan13/bin/Debug/TestEan13.DLL" adapterTypeName="Microsoft.VisualStudio.TestTools.TestTypes.Unit.UnitTestAdapter, Microsoft.VisualStudio.QualityTools.Tips.UnitTest.Adapter, Version=10.0.0.0, Culture=neutral, PublicKeyToken=b03f5f7f11d50a3a" className="TestEan13.Ean13Test, TestEan13, Version=1.0.0.0, Culture=neutral, PublicKeyToken=null" name="ToStringTest" />
    </UnitTest>
    <UnitTest name="CleTest" storage="c:\users\mneuder\documents\visual studio 2010\projects\ean13\testean13\bin\debug\testean13.dll" id="c52f5332-71ff-335c-862c-1d556b4a6abc">
      <Execution id="00fc0a4f-2938-49fa-b5db-6fbca261f4bd" />
      <TestMethod codeBase="c:/users/mneuder/documents/visual studio 2010/Projects/ean13/TestEan13/bin/Debug/TestEan13.DLL" adapterTypeName="Microsoft.VisualStudio.TestTools.TestTypes.Unit.UnitTestAdapter, Microsoft.VisualStudio.QualityTools.Tips.UnitTest.Adapter, Version=10.0.0.0, Culture=neutral, PublicKeyToken=b03f5f7f11d50a3a" className="TestEan13.Ean13Test, TestEan13, Version=1.0.0.0, Culture=neutral, PublicKeyToken=null" name="CleTest" />
    </UnitTest>
    <UnitTest name="ProgramConstructorTest" storage="c:\users\mneuder\documents\visual studio 2010\projects\ean13\testean13\bin\debug\testean13.dll" id="598de4b9-3fb7-1965-9b56-7d56160f1bd7">
      <Execution id="3192d97e-41f2-4be8-bdcb-a12dbf83f13d" />
      <TestMethod codeBase="c:/users/mneuder/documents/visual studio 2010/Projects/ean13/TestEan13/bin/Debug/TestEan13.DLL" adapterTypeName="Microsoft.VisualStudio.TestTools.TestTypes.Unit.UnitTestAdapter, Microsoft.VisualStudio.QualityTools.Tips.UnitTest.Adapter, Version=10.0.0.0, Culture=neutral, PublicKeyToken=b03f5f7f11d50a3a" className="TestEan13.ProgramTest, TestEan13, Version=1.0.0.0, Culture=neutral, PublicKeyToken=null" name="ProgramConstructorTest" />
    </UnitTest>
    <UnitTest name="MainTest" storage="c:\users\mneuder\documents\visual studio 2010\projects\ean13\testean13\bin\debug\testean13.dll" id="93b68811-6101-5c93-c75c-fc0e066d650c">
      <DeploymentItems>
        <DeploymentItem filename="ean13.dll" />
      </DeploymentItems>
      <Execution id="d96414a0-3216-45fe-beb8-a887d4fca00a" />
      <TestMethod codeBase="c:/users/mneuder/documents/visual studio 2010/Projects/ean13/TestEan13/bin/Debug/TestEan13.DLL" adapterTypeName="Microsoft.VisualStudio.TestTools.TestTypes.Unit.UnitTestAdapter, Microsoft.VisualStudio.QualityTools.Tips.UnitTest.Adapter, Version=10.0.0.0, Culture=neutral, PublicKeyToken=b03f5f7f11d50a3a" className="TestEan13.ProgramTest, TestEan13, Version=1.0.0.0, Culture=neutral, PublicKeyToken=null" name="MainTest" />
    </UnitTest>
    <UnitTest name="ResteTest" storage="c:\users\mneuder\documents\visual studio 2010\projects\ean13\testean13\bin\debug\testean13.dll" id="da35aeb7-e1df-eeed-6b2d-3a17dd8140d8">
      <Execution id="e6ed85c9-9167-40eb-ac30-a43e951eca98" />
      <TestMethod codeBase="c:/users/mneuder/documents/visual studio 2010/Projects/ean13/TestEan13/bin/Debug/TestEan13.DLL" adapterTypeName="Microsoft.VisualStudio.TestTools.TestTypes.Unit.UnitTestAdapter, Microsoft.VisualStudio.QualityTools.Tips.UnitTest.Adapter, Version=10.0.0.0, Culture=neutral, PublicKeyToken=b03f5f7f11d50a3a" className="TestEan13.Ean13Test, TestEan13, Version=1.0.0.0, Culture=neutral, PublicKeyToken=null" name="ResteTest" />
    </UnitTest>
    <UnitTest name="PoidsPairsTest" storage="c:\users\mneuder\documents\visual studio 2010\projects\ean13\testean13\bin\debug\testean13.dll" id="655d2786-dbf8-9829-8f35-32f5e289b8c0">
      <Execution id="ae075e89-d242-4a49-b9d0-72d696efc08e" />
      <TestMethod codeBase="c:/users/mneuder/documents/visual studio 2010/Projects/ean13/TestEan13/bin/Debug/TestEan13.DLL" adapterTypeName="Microsoft.VisualStudio.TestTools.TestTypes.Unit.UnitTestAdapter, Microsoft.VisualStudio.QualityTools.Tips.UnitTest.Adapter, Version=10.0.0.0, Culture=neutral, PublicKeyToken=b03f5f7f11d50a3a" className="TestEan13.Ean13Test, TestEan13, Version=1.0.0.0, Culture=neutral, PublicKeyToken=null" name="PoidsPairsTest" />
    </UnitTest>
    <UnitTest name="Ean13ConstructorTest" storage="c:\users\mneuder\documents\visual studio 2010\projects\ean13\testean13\bin\debug\testean13.dll" id="e9163f9d-c849-b6ad-20b7-06b88564ed77">
      <Execution id="59b4d8e0-d6d7-41d3-9635-5b2ae436b938" />
      <TestMethod codeBase="c:/users/mneuder/documents/visual studio 2010/Projects/ean13/TestEan13/bin/Debug/TestEan13.DLL" adapterTypeName="Microsoft.VisualStudio.TestTools.TestTypes.Unit.UnitTestAdapter, Microsoft.VisualStudio.QualityTools.Tips.UnitTest.Adapter, Version=10.0.0.0, Culture=neutral, PublicKeyToken=b03f5f7f11d50a3a" className="TestEan13.Ean13Test, TestEan13, Version=1.0.0.0, Culture=neutral, PublicKeyToken=null" name="Ean13ConstructorTest" />
    </UnitTest>
    <UnitTest name="PoidsImpairsTest" storage="c:\users\mneuder\documents\visual studio 2010\projects\ean13\testean13\bin\debug\testean13.dll" id="1be8da64-2507-4f20-c060-b9959fa8bed1">
      <Execution id="3e98c54a-641f-4d6e-8481-3b2e985e0f11" />
      <TestMethod codeBase="c:/users/mneuder/documents/visual studio 2010/Projects/ean13/TestEan13/bin/Debug/TestEan13.DLL" adapterTypeName="Microsoft.VisualStudio.TestTools.TestTypes.Unit.UnitTestAdapter, Microsoft.VisualStudio.QualityTools.Tips.UnitTest.Adapter, Version=10.0.0.0, Culture=neutral, PublicKeyToken=b03f5f7f11d50a3a" className="TestEan13.Ean13Test, TestEan13, Version=1.0.0.0, Culture=neutral, PublicKeyToken=null" name="PoidsImpairsTest" />
    </UnitTest>
  </TestDefinitions>
  <TestLists>
    <TestList name="Les résultats ne figurent pas dans une liste" id="8c84fa94-04c1-424b-9868-57a2d4851a1d" />
    <TestList name="Tous les résultats chargés" id="19431567-8539-422a-85d7-44ee4e166bda" />
  </TestLists>
  <TestEntries>
    <TestEntry testId="1be8da64-2507-4f20-c060-b9959fa8bed1" executionId="3e98c54a-641f-4d6e-8481-3b2e985e0f11" testListId="8c84fa94-04c1-424b-9868-57a2d4851a1d" />
    <TestEntry testId="598de4b9-3fb7-1965-9b56-7d56160f1bd7" executionId="3192d97e-41f2-4be8-bdcb-a12dbf83f13d" testListId="8c84fa94-04c1-424b-9868-57a2d4851a1d" />
    <TestEntry testId="655d2786-dbf8-9829-8f35-32f5e289b8c0" executionId="ae075e89-d242-4a49-b9d0-72d696efc08e" testListId="8c84fa94-04c1-424b-9868-57a2d4851a1d" />
    <TestEntry testId="93b68811-6101-5c93-c75c-fc0e066d650c" executionId="d96414a0-3216-45fe-beb8-a887d4fca00a" testListId="8c84fa94-04c1-424b-9868-57a2d4851a1d" />
    <TestEntry testId="c52f5332-71ff-335c-862c-1d556b4a6abc" executionId="00fc0a4f-2938-49fa-b5db-6fbca261f4bd" testListId="8c84fa94-04c1-424b-9868-57a2d4851a1d" />
    <TestEntry testId="da35aeb7-e1df-eeed-6b2d-3a17dd8140d8" executionId="e6ed85c9-9167-40eb-ac30-a43e951eca98" testListId="8c84fa94-04c1-424b-9868-57a2d4851a1d" />
    <TestEntry testId="e9163f9d-c849-b6ad-20b7-06b88564ed77" executionId="59b4d8e0-d6d7-41d3-9635-5b2ae436b938" testListId="8c84fa94-04c1-424b-9868-57a2d4851a1d" />
    <TestEntry testId="fc088f0c-0d88-c0a7-85e1-7f86ad18f642" executionId="048eb9db-6dae-451f-8951-3b24efb80f29" testListId="8c84fa94-04c1-424b-9868-57a2d4851a1d" />
  </TestEntries>
  <Results>
    <UnitTestResult executionId="3e98c54a-641f-4d6e-8481-3b2e985e0f11" testId="1be8da64-2507-4f20-c060-b9959fa8bed1" testName="PoidsImpairsTest" computerName="R108P02" duration="00:00:00.0117898" startTime="2015-11-20T12:10:35.3922643+01:00" endTime="2015-11-20T12:10:35.5482799+01:00" testType="13cdc9d9-ddb5-4fa4-a97d-d965ccfc6d4b" outcome="Passed" testListId="8c84fa94-04c1-424b-9868-57a2d4851a1d" relativeResultsDirectory="3e98c54a-641f-4d6e-8481-3b2e985e0f11">
    </UnitTestResult>
    <UnitTestResult executionId="3192d97e-41f2-4be8-bdcb-a12dbf83f13d" testId="598de4b9-3fb7-1965-9b56-7d56160f1bd7" testName="ProgramConstructorTest" computerName="R108P02" duration="00:00:00.0075665" startTime="2015-11-20T12:10:35.5532804+01:00" endTime="2015-11-20T12:10:35.5632814+01:00" testType="13cdc9d9-ddb5-4fa4-a97d-d965ccfc6d4b" outcome="Inconclusive" testListId="8c84fa94-04c1-424b-9868-57a2d4851a1d" relativeResultsDirectory="3192d97e-41f2-4be8-bdcb-a12dbf83f13d">
      <Output>
        <ErrorInfo>
          <Message>Échec de Assert.Inconclusive. TODO: implémentez le code pour vérifier la cible</Message>
          <StackTrace>   à TestEan13.ProgramTest.ProgramConstructorTest() dans c:\users\mneuder\documents\visual studio 2010\Projects\ean13\TestEan13\ProgramTest.cs:ligne 74
</StackTrace>
        </ErrorInfo>
      </Output>
    </UnitTestResult>
    <UnitTestResult executionId="ae075e89-d242-4a49-b9d0-72d696efc08e" testId="655d2786-dbf8-9829-8f35-32f5e289b8c0" testName="PoidsPairsTest" computerName="R108P02" duration="00:00:00.0003187" startTime="2015-11-20T12:10:35.5672818+01:00" endTime="2015-11-20T12:10:35.5702821+01:00" testType="13cdc9d9-ddb5-4fa4-a97d-d965ccfc6d4b" outcome="Passed" testListId="8c84fa94-04c1-424b-9868-57a2d4851a1d" relativeResultsDirectory="ae075e89-d242-4a49-b9d0-72d696efc08e">
    </UnitTestResult>
    <UnitTestResult executionId="d96414a0-3216-45fe-beb8-a887d4fca00a" testId="93b68811-6101-5c93-c75c-fc0e066d650c" testName="MainTest" computerName="R108P02" duration="00:00:00.0024872" startTime="2015-11-20T12:10:35.5742825+01:00" endTime="2015-11-20T12:10:35.5782829+01:00" testType="13cdc9d9-ddb5-4fa4-a97d-d965ccfc6d4b" outcome="Inconclusive" testListId="8c84fa94-04c1-424b-9868-57a2d4851a1d" relativeResultsDirectory="d96414a0-3216-45fe-beb8-a887d4fca00a">
      <Output>
        <ErrorInfo>
          <Message>Échec de Assert.Inconclusive. Une méthode qui ne retourne pas une valeur ne peut pas être vérifiée.</Message>
          <StackTrace>   à TestEan13.ProgramTest.MainTest() dans c:\users\mneuder\documents\visual studio 2010\Projects\ean13\TestEan13\ProgramTest.cs:ligne 86
</StackTrace>
        </ErrorInfo>
      </Output>
    </UnitTestResult>
    <UnitTestResult executionId="00fc0a4f-2938-49fa-b5db-6fbca261f4bd" testId="c52f5332-71ff-335c-862c-1d556b4a6abc" testName="CleTest" computerName="R108P02" duration="00:00:00.0003635" startTime="2015-11-20T12:10:35.5832834+01:00" endTime="2015-11-20T12:10:35.5852836+01:00" testType="13cdc9d9-ddb5-4fa4-a97d-d965ccfc6d4b" outcome="Passed" testListId="8c84fa94-04c1-424b-9868-57a2d4851a1d" relativeResultsDirectory="00fc0a4f-2938-49fa-b5db-6fbca261f4bd">
    </UnitTestResult>
    <UnitTestResult executionId="e6ed85c9-9167-40eb-ac30-a43e951eca98" testId="da35aeb7-e1df-eeed-6b2d-3a17dd8140d8" testName="ResteTest" computerName="R108P02" duration="00:00:00.0002295" startTime="2015-11-20T12:10:35.5892840+01:00" endTime="2015-11-20T12:10:35.5902841+01:00" testType="13cdc9d9-ddb5-4fa4-a97d-d965ccfc6d4b" outcome="Passed" testListId="8c84fa94-04c1-424b-9868-57a2d4851a1d" relativeResultsDirectory="e6ed85c9-9167-40eb-ac30-a43e951eca98">
    </UnitTestResult>
    <UnitTestResult executionId="59b4d8e0-d6d7-41d3-9635-5b2ae436b938" testId="e9163f9d-c849-b6ad-20b7-06b88564ed77" testName="Ean13ConstructorTest" computerName="R108P02" duration="00:00:00.0007073" startTime="2015-11-20T12:10:35.5952846+01:00" endTime="2015-11-20T12:10:35.5982849+01:00" testType="13cdc9d9-ddb5-4fa4-a97d-d965ccfc6d4b" outcome="Inconclusive" testListId="8c84fa94-04c1-424b-9868-57a2d4851a1d" relativeResultsDirectory="59b4d8e0-d6d7-41d3-9635-5b2ae436b938">
      <Output>
        <ErrorInfo>
          <Message>Échec de Assert.Inconclusive. TODO: implémentez le code pour vérifier la cible</Message>
          <StackTrace>   à TestEan13.Ean13Test.Ean13ConstructorTest() dans c:\users\mneuder\documents\visual studio 2010\Projects\ean13\TestEan13\Ean13Test.cs:ligne 75
</StackTrace>
        </ErrorInfo>
      </Output>
    </UnitTestResult>
    <UnitTestResult executionId="048eb9db-6dae-451f-8951-3b24efb80f29" testId="fc088f0c-0d88-c0a7-85e1-7f86ad18f642" testName="ToStringTest" computerName="R108P02" duration="00:00:00.0005152" startTime="2015-11-20T12:10:35.6012852+01:00" endTime="2015-11-20T12:10:35.6042855+01:00" testType="13cdc9d9-ddb5-4fa4-a97d-d965ccfc6d4b" outcome="Passed" testListId="8c84fa94-04c1-424b-9868-57a2d4851a1d" relativeResultsDirectory="048eb9db-6dae-451f-8951-3b24efb80f29">
    </UnitTestResult>
  </Results>
</TestRun>