<?xml version="1.0" encoding="UTF-8"?>
<TestRun id="23024a14-964a-4563-8bcf-707cdea78bc7" name="mneuder@R108P02 2015-11-27 11:22:29" runUser="SIO\mneuder" xmlns="http://microsoft.com/schemas/VisualStudio/TeamTest/2010">
  <TestSettings name="Local" id="20f70c15-00ae-4e38-8976-1c465e289f13">
    <Description>Il s'agit des paramètres de test par défaut pour une série de tests locale.</Description>
    <Deployment enabled="false" runDeploymentRoot="mneuder_R108P02 2015-11-27 11_22_29">
      <DeploymentItem filename="c:\users\mneuder\documents\visual studio 2010\Projects\ean13\ean13\bin\Debug\ean13.dll" />
    </Deployment>
    <Execution>
      <TestTypeSpecific />
      <AgentRule name="Execution Agents">
      </AgentRule>
    </Execution>
  </TestSettings>
  <Times creation="2015-11-27T11:22:29.5625288+01:00" queuing="2015-11-27T11:22:29.6005288+01:00" start="2015-11-27T11:22:29.6055288+01:00" finish="2015-11-27T11:22:29.8275288+01:00" />
  <ResultSummary outcome="Inconclusive">
    <Counters total="8" executed="8" passed="6" error="0" failed="0" timeout="0" aborted="0" inconclusive="2" passedButRunAborted="0" notRunnable="0" notExecuted="0" disconnected="0" warning="0" completed="0" inProgress="0" pending="0" />
  </ResultSummary>
  <TestDefinitions>
    <UnitTest name="ToStringTest" storage="c:\users\mneuder\documents\visual studio 2010\projects\ean13\testean13\bin\debug\testean13.dll" id="fc088f0c-0d88-c0a7-85e1-7f86ad18f642">
      <Execution id="6926bd44-184d-42f8-b4da-3ae7cd401234" />
      <TestMethod codeBase="C:/Users/mneuder/Documents/Visual Studio 2010/Projects/ean13/TestEan13/bin/Debug/TestEan13.DLL" adapterTypeName="Microsoft.VisualStudio.TestTools.TestTypes.Unit.UnitTestAdapter, Microsoft.VisualStudio.QualityTools.Tips.UnitTest.Adapter, Version=10.0.0.0, Culture=neutral, PublicKeyToken=b03f5f7f11d50a3a" className="TestEan13.Ean13Test, TestEan13, Version=1.0.0.0, Culture=neutral, PublicKeyToken=null" name="ToStringTest" />
    </UnitTest>
    <UnitTest name="CleTest" storage="c:\users\mneuder\documents\visual studio 2010\projects\ean13\testean13\bin\debug\testean13.dll" id="c52f5332-71ff-335c-862c-1d556b4a6abc">
      <Execution id="4b22a6f4-c84d-42c4-b9bd-3ca3665a6e98" />
      <TestMethod codeBase="C:/Users/mneuder/Documents/Visual Studio 2010/Projects/ean13/TestEan13/bin/Debug/TestEan13.DLL" adapterTypeName="Microsoft.VisualStudio.TestTools.TestTypes.Unit.UnitTestAdapter, Microsoft.VisualStudio.QualityTools.Tips.UnitTest.Adapter, Version=10.0.0.0, Culture=neutral, PublicKeyToken=b03f5f7f11d50a3a" className="TestEan13.Ean13Test, TestEan13, Version=1.0.0.0, Culture=neutral, PublicKeyToken=null" name="CleTest" />
    </UnitTest>
    <UnitTest name="ProgramConstructorTest" storage="c:\users\mneuder\documents\visual studio 2010\projects\ean13\testean13\bin\debug\testean13.dll" id="598de4b9-3fb7-1965-9b56-7d56160f1bd7">
      <Execution id="896bedbc-656d-4323-a9df-26748a12c15c" />
      <TestMethod codeBase="C:/Users/mneuder/Documents/Visual Studio 2010/Projects/ean13/TestEan13/bin/Debug/TestEan13.DLL" adapterTypeName="Microsoft.VisualStudio.TestTools.TestTypes.Unit.UnitTestAdapter, Microsoft.VisualStudio.QualityTools.Tips.UnitTest.Adapter, Version=10.0.0.0, Culture=neutral, PublicKeyToken=b03f5f7f11d50a3a" className="TestEan13.ProgramTest, TestEan13, Version=1.0.0.0, Culture=neutral, PublicKeyToken=null" name="ProgramConstructorTest" />
    </UnitTest>
    <UnitTest name="MainTest" storage="c:\users\mneuder\documents\visual studio 2010\projects\ean13\testean13\bin\debug\testean13.dll" id="93b68811-6101-5c93-c75c-fc0e066d650c">
      <DeploymentItems>
        <DeploymentItem filename="ean13.dll" />
      </DeploymentItems>
      <Execution id="2b4f1f98-e047-43ca-9e3a-f5a71c613f89" />
      <TestMethod codeBase="C:/Users/mneuder/Documents/Visual Studio 2010/Projects/ean13/TestEan13/bin/Debug/TestEan13.DLL" adapterTypeName="Microsoft.VisualStudio.TestTools.TestTypes.Unit.UnitTestAdapter, Microsoft.VisualStudio.QualityTools.Tips.UnitTest.Adapter, Version=10.0.0.0, Culture=neutral, PublicKeyToken=b03f5f7f11d50a3a" className="TestEan13.ProgramTest, TestEan13, Version=1.0.0.0, Culture=neutral, PublicKeyToken=null" name="MainTest" />
    </UnitTest>
    <UnitTest name="ResteTest" storage="c:\users\mneuder\documents\visual studio 2010\projects\ean13\testean13\bin\debug\testean13.dll" id="da35aeb7-e1df-eeed-6b2d-3a17dd8140d8">
      <Execution id="9336bfba-3a34-4684-9ff8-971f8d6c6925" />
      <TestMethod codeBase="C:/Users/mneuder/Documents/Visual Studio 2010/Projects/ean13/TestEan13/bin/Debug/TestEan13.DLL" adapterTypeName="Microsoft.VisualStudio.TestTools.TestTypes.Unit.UnitTestAdapter, Microsoft.VisualStudio.QualityTools.Tips.UnitTest.Adapter, Version=10.0.0.0, Culture=neutral, PublicKeyToken=b03f5f7f11d50a3a" className="TestEan13.Ean13Test, TestEan13, Version=1.0.0.0, Culture=neutral, PublicKeyToken=null" name="ResteTest" />
    </UnitTest>
    <UnitTest name="PoidsPairsTest" storage="c:\users\mneuder\documents\visual studio 2010\projects\ean13\testean13\bin\debug\testean13.dll" id="655d2786-dbf8-9829-8f35-32f5e289b8c0">
      <Execution id="a9192090-c5c5-44b4-b79b-294858308149" />
      <TestMethod codeBase="C:/Users/mneuder/Documents/Visual Studio 2010/Projects/ean13/TestEan13/bin/Debug/TestEan13.DLL" adapterTypeName="Microsoft.VisualStudio.TestTools.TestTypes.Unit.UnitTestAdapter, Microsoft.VisualStudio.QualityTools.Tips.UnitTest.Adapter, Version=10.0.0.0, Culture=neutral, PublicKeyToken=b03f5f7f11d50a3a" className="TestEan13.Ean13Test, TestEan13, Version=1.0.0.0, Culture=neutral, PublicKeyToken=null" name="PoidsPairsTest" />
    </UnitTest>
    <UnitTest name="Ean13ConstructorTest" storage="c:\users\mneuder\documents\visual studio 2010\projects\ean13\testean13\bin\debug\testean13.dll" id="e9163f9d-c849-b6ad-20b7-06b88564ed77">
      <Execution id="2a7cd72e-4594-4ae0-8bd8-345865f7f5d3" />
      <TestMethod codeBase="C:/Users/mneuder/Documents/Visual Studio 2010/Projects/ean13/TestEan13/bin/Debug/TestEan13.DLL" adapterTypeName="Microsoft.VisualStudio.TestTools.TestTypes.Unit.UnitTestAdapter, Microsoft.VisualStudio.QualityTools.Tips.UnitTest.Adapter, Version=10.0.0.0, Culture=neutral, PublicKeyToken=b03f5f7f11d50a3a" className="TestEan13.Ean13Test, TestEan13, Version=1.0.0.0, Culture=neutral, PublicKeyToken=null" name="Ean13ConstructorTest" />
    </UnitTest>
    <UnitTest name="PoidsImpairsTest" storage="c:\users\mneuder\documents\visual studio 2010\projects\ean13\testean13\bin\debug\testean13.dll" id="1be8da64-2507-4f20-c060-b9959fa8bed1">
      <Execution id="12bcc69c-a9fd-47f5-ad01-2d217bfcd886" />
      <TestMethod codeBase="C:/Users/mneuder/Documents/Visual Studio 2010/Projects/ean13/TestEan13/bin/Debug/TestEan13.DLL" adapterTypeName="Microsoft.VisualStudio.TestTools.TestTypes.Unit.UnitTestAdapter, Microsoft.VisualStudio.QualityTools.Tips.UnitTest.Adapter, Version=10.0.0.0, Culture=neutral, PublicKeyToken=b03f5f7f11d50a3a" className="TestEan13.Ean13Test, TestEan13, Version=1.0.0.0, Culture=neutral, PublicKeyToken=null" name="PoidsImpairsTest" />
    </UnitTest>
  </TestDefinitions>
  <TestLists>
    <TestList name="Les résultats ne figurent pas dans une liste" id="8c84fa94-04c1-424b-9868-57a2d4851a1d" />
    <TestList name="Tous les résultats chargés" id="19431567-8539-422a-85d7-44ee4e166bda" />
  </TestLists>
  <TestEntries>
    <TestEntry testId="1be8da64-2507-4f20-c060-b9959fa8bed1" executionId="12bcc69c-a9fd-47f5-ad01-2d217bfcd886" testListId="8c84fa94-04c1-424b-9868-57a2d4851a1d" />
    <TestEntry testId="598de4b9-3fb7-1965-9b56-7d56160f1bd7" executionId="896bedbc-656d-4323-a9df-26748a12c15c" testListId="8c84fa94-04c1-424b-9868-57a2d4851a1d" />
    <TestEntry testId="655d2786-dbf8-9829-8f35-32f5e289b8c0" executionId="a9192090-c5c5-44b4-b79b-294858308149" testListId="8c84fa94-04c1-424b-9868-57a2d4851a1d" />
    <TestEntry testId="93b68811-6101-5c93-c75c-fc0e066d650c" executionId="2b4f1f98-e047-43ca-9e3a-f5a71c613f89" testListId="8c84fa94-04c1-424b-9868-57a2d4851a1d" />
    <TestEntry testId="c52f5332-71ff-335c-862c-1d556b4a6abc" executionId="4b22a6f4-c84d-42c4-b9bd-3ca3665a6e98" testListId="8c84fa94-04c1-424b-9868-57a2d4851a1d" />
    <TestEntry testId="da35aeb7-e1df-eeed-6b2d-3a17dd8140d8" executionId="9336bfba-3a34-4684-9ff8-971f8d6c6925" testListId="8c84fa94-04c1-424b-9868-57a2d4851a1d" />
    <TestEntry testId="e9163f9d-c849-b6ad-20b7-06b88564ed77" executionId="2a7cd72e-4594-4ae0-8bd8-345865f7f5d3" testListId="8c84fa94-04c1-424b-9868-57a2d4851a1d" />
    <TestEntry testId="fc088f0c-0d88-c0a7-85e1-7f86ad18f642" executionId="6926bd44-184d-42f8-b4da-3ae7cd401234" testListId="8c84fa94-04c1-424b-9868-57a2d4851a1d" />
  </TestEntries>
  <Results>
    <UnitTestResult executionId="12bcc69c-a9fd-47f5-ad01-2d217bfcd886" testId="1be8da64-2507-4f20-c060-b9959fa8bed1" testName="PoidsImpairsTest" computerName="R108P02" duration="00:00:00.0125097" startTime="2015-11-27T11:22:29.6105288+01:00" endTime="2015-11-27T11:22:29.7635288+01:00" testType="13cdc9d9-ddb5-4fa4-a97d-d965ccfc6d4b" outcome="Passed" testListId="8c84fa94-04c1-424b-9868-57a2d4851a1d" relativeResultsDirectory="12bcc69c-a9fd-47f5-ad01-2d217bfcd886">
    </UnitTestResult>
    <UnitTestResult executionId="896bedbc-656d-4323-a9df-26748a12c15c" testId="598de4b9-3fb7-1965-9b56-7d56160f1bd7" testName="ProgramConstructorTest" computerName="R108P02" duration="00:00:00.0083379" startTime="2015-11-27T11:22:29.7675288+01:00" endTime="2015-11-27T11:22:29.7785288+01:00" testType="13cdc9d9-ddb5-4fa4-a97d-d965ccfc6d4b" outcome="Inconclusive" testListId="8c84fa94-04c1-424b-9868-57a2d4851a1d" relativeResultsDirectory="896bedbc-656d-4323-a9df-26748a12c15c">
      <Output>
        <ErrorInfo>
          <Message>Échec de Assert.Inconclusive. TODO: implémentez le code pour vérifier la cible</Message>
          <StackTrace>   à TestEan13.ProgramTest.ProgramConstructorTest() dans C:\Users\mneuder\Documents\Visual Studio 2010\Projects\ean13\TestEan13\ProgramTest.cs:ligne 74
</StackTrace>
        </ErrorInfo>
      </Output>
    </UnitTestResult>
    <UnitTestResult executionId="a9192090-c5c5-44b4-b79b-294858308149" testId="655d2786-dbf8-9829-8f35-32f5e289b8c0" testName="PoidsPairsTest" computerName="R108P02" duration="00:00:00.0003119" startTime="2015-11-27T11:22:29.7825288+01:00" endTime="2015-11-27T11:22:29.7855288+01:00" testType="13cdc9d9-ddb5-4fa4-a97d-d965ccfc6d4b" outcome="Passed" testListId="8c84fa94-04c1-424b-9868-57a2d4851a1d" relativeResultsDirectory="a9192090-c5c5-44b4-b79b-294858308149">
    </UnitTestResult>
    <UnitTestResult executionId="2b4f1f98-e047-43ca-9e3a-f5a71c613f89" testId="93b68811-6101-5c93-c75c-fc0e066d650c" testName="MainTest" computerName="R108P02" duration="00:00:00.0030581" startTime="2015-11-27T11:22:29.7885288+01:00" endTime="2015-11-27T11:22:29.7945288+01:00" testType="13cdc9d9-ddb5-4fa4-a97d-d965ccfc6d4b" outcome="Inconclusive" testListId="8c84fa94-04c1-424b-9868-57a2d4851a1d" relativeResultsDirectory="2b4f1f98-e047-43ca-9e3a-f5a71c613f89">
      <Output>
        <ErrorInfo>
          <Message>Échec de Assert.Inconclusive. Une méthode qui ne retourne pas une valeur ne peut pas être vérifiée.</Message>
          <StackTrace>   à TestEan13.ProgramTest.MainTest() dans C:\Users\mneuder\Documents\Visual Studio 2010\Projects\ean13\TestEan13\ProgramTest.cs:ligne 86
</StackTrace>
        </ErrorInfo>
      </Output>
    </UnitTestResult>
    <UnitTestResult executionId="4b22a6f4-c84d-42c4-b9bd-3ca3665a6e98" testId="c52f5332-71ff-335c-862c-1d556b4a6abc" testName="CleTest" computerName="R108P02" duration="00:00:00.0003536" startTime="2015-11-27T11:22:29.7975288+01:00" endTime="2015-11-27T11:22:29.8005288+01:00" testType="13cdc9d9-ddb5-4fa4-a97d-d965ccfc6d4b" outcome="Passed" testListId="8c84fa94-04c1-424b-9868-57a2d4851a1d" relativeResultsDirectory="4b22a6f4-c84d-42c4-b9bd-3ca3665a6e98">
    </UnitTestResult>
    <UnitTestResult executionId="9336bfba-3a34-4684-9ff8-971f8d6c6925" testId="da35aeb7-e1df-eeed-6b2d-3a17dd8140d8" testName="ResteTest" computerName="R108P02" duration="00:00:00.0002159" startTime="2015-11-27T11:22:29.8035288+01:00" endTime="2015-11-27T11:22:29.8055288+01:00" testType="13cdc9d9-ddb5-4fa4-a97d-d965ccfc6d4b" outcome="Passed" testListId="8c84fa94-04c1-424b-9868-57a2d4851a1d" relativeResultsDirectory="9336bfba-3a34-4684-9ff8-971f8d6c6925">
    </UnitTestResult>
    <UnitTestResult executionId="2a7cd72e-4594-4ae0-8bd8-345865f7f5d3" testId="e9163f9d-c849-b6ad-20b7-06b88564ed77" testName="Ean13ConstructorTest" computerName="R108P02" duration="00:00:00.0002239" startTime="2015-11-27T11:22:29.8085288+01:00" endTime="2015-11-27T11:22:29.8105288+01:00" testType="13cdc9d9-ddb5-4fa4-a97d-d965ccfc6d4b" outcome="Passed" testListId="8c84fa94-04c1-424b-9868-57a2d4851a1d" relativeResultsDirectory="2a7cd72e-4594-4ae0-8bd8-345865f7f5d3">
    </UnitTestResult>
    <UnitTestResult executionId="6926bd44-184d-42f8-b4da-3ae7cd401234" testId="fc088f0c-0d88-c0a7-85e1-7f86ad18f642" testName="ToStringTest" computerName="R108P02" duration="00:00:00.0004710" startTime="2015-11-27T11:22:29.8135288+01:00" endTime="2015-11-27T11:22:29.8155288+01:00" testType="13cdc9d9-ddb5-4fa4-a97d-d965ccfc6d4b" outcome="Passed" testListId="8c84fa94-04c1-424b-9868-57a2d4851a1d" relativeResultsDirectory="6926bd44-184d-42f8-b4da-3ae7cd401234">
    </UnitTestResult>
  </Results>
</TestRun>